8538	829	828	8579	906	8602	839	830	873	832	8590
7754	7781	7741	9424	7739	19786	19753	9485	9426	19759	19765
8670	2624	8795	13995	24184	7241	8760	8701	13969	13966	13968
5599	5688	5681	13478	13493	6818	11290	13485	3261	13479	5583
8115	11300	8144	8125	8123	8119	8141	3132	8139	8176	8136
20812	15399	15422	15372	20816	15378	20820	20825	20834	20815	20822
8558	962	930	871	10321	30	825	894	9226	973	11270
6888	18204	1557	18227	6899	10700	6902	6908	1545	6891	6897
12655	12726	12686	12664	12749	12748	12747	12746	12745	12744	12743
6886	6897	6891	6908	6902	6903	6899	6901	6909	6895	6904
5582	5682	5665	5661	5654	5637	5635	5613	5592	5590	5589
4906	4902	2818	2793	14979	4909	2801	2781	4920	2784	2783
4909	7856	11270	2818	2799	4297	4906	1897	2824	4948	4902
13111	13135	13119	2674	13112	13134	13140	13138	2102	13137	13115
5579	5791	5790	5789	5788	5787	5786	5785	5784	5783	5782
9557	9566	9596	9615	9559	9584	9568	9578	9576	9570	9577
1924	2449	4253	2432	2428	822	2475	853	6794	4319	917
9839	19216	9847	22874	19227	19239	22888	19241	9846	19275	19256
7725	7749	17402	17397	17419	17409	17401	17399	17396	17414	17408
21105	5154	10634	10602	24303	21034	24299	24304	10640	24316	24323
6918	6923	16793	6970	13822	13701	13524	16794	6953	16805	16804
6912	6928	6953	6970	6918	6923	6965	6989	6976	6971	6968
20247	13348	13356	13357	13421	13368	13323	20305	22351	13308	13295
2598	11989	11988	11987	11986	11985	11984	11983	11982	11981	11980
2596	2611	2607	2608	2606	2597	2598	2610	2617	2616	2615
12465	2141	21864	2177	2882	2173	2890	2893	2107	2933	2904
12540	12567	12550	12593	12570	12568	12551	12542	12565	12543	12591
6905	6900	15904	15905	6901	6889	15903	6886	15907	6897	6902
10321	1011	8558	856	962	5832	4269	10298	16325	8538	695
4254	2485	1004	862	2523	29	2440	917	4319	2473	3253
4253	2432	2428	822	2475	917	2440	29	6793	1004	4254
4252	869	2834	4389	4310	2459	4269	4297	2472	2463	4323
983	989	1028	1019	1023	996	1021	1015	1011	1018	992
795	806	17540	809	813	799	803	801	800	796	805
4698	28018	17603	4811	4697	4695	28032	28031	28030	28029	28028
21489	19157	19124	19159	19167	19176	21534	19129	19148	19127	19208
4695	4708	4842	4841	4840	4839	4838	4837	4836	4835	4834
28714	8722	8679	8835	8705	14068	16091	12651	7179	27578	14103
15372	15378	15399	15391	15403	828	15379	20812	15380	15401	15385
4249	6006	5980	5983	6003	5991	5990	5976	5982	6001	6000
6799	5846	19523	1011	992	1017	7875	2463	515	2456	29
10601	4040	10602	10589	4074	4062	4042	4110	14168	4095	4098
8668	3313	3354	3361	3324	3315	3312	3307	3316	3356	3351
6794	4319	2475	6793	1004	822	2470	2428	2432	862	2523
6793	1004	29	2440	917	6794	2485	2475	862	2523	4266
14770	14828	14836	14782	14830	14794	14777	14773	14816	14818	14826
6895	1530	6897	6886	936	1546	10834	10688	10758	20886	10752
823	515	2463	834	862	905	6793	917	6794	853	891
13506	515	5830	9288	4253	911	8611	13519	13597	869	11302
16377	11302	5829	869	13597	930	871	11299	8611	848	920
24423	24435	24432	24429	24448	24447	24444	24424	24430	24450	24442
7091	7241	7973	12924	7024	19821	7109	7325	19887	12994	12939
3411	3892	3891	3890	3889	3888	3887	3886	3885	3884	3883
25182	25448	25447	25446	25445	25444	25443	25442	25441	25440	25439
10042	2207	2180	2104	10059	2155	2131	2134	10049	2196	2136
4219	11257	11256	11255	11254	11253	11252	11251	11250	11249	11248
7089	8678	8769	3307	8701	8760	3305	7094	7026	8766	3315
19821	7094	7091	19849	19884	7322	9710	7202	19835	19836	19878
8928	8126	14471	8160	8135	8163	8154	8118	8563	8171	8926
8926	8928	8135	9036	8171	8127	8121	8150	8136	9114	9113
9191	2427	4958	822	4917	10318	2432	10935	4253	867	8611
2102	2140	2108	2111	2100	2177	10064	10055	10056	2173	2196
2100	2111	2108	2140	21864	2141	2102	2173	2177	2136	2196
23603	19183	21534	19195	23608	23592	23613	23600	23605	23601	19176
1544	1528	1533	1545	1546	1539	1530	1553	1552	1534	1558
14585	10696	14655	14654	14653	14652	14651	14650	14649	14648	14647
18514	8670	18553	18546	18523	18524	8768	18562	18538	18517	18539
1980	2058	2042	2031	6867	18189	9781	337	1979	576	1981
27278	27297	27288	27281	27305	27300	27303	27310	7208	7146	7256
9182	515	4293	2473	2438	2427	2523	862	2441	9181	2470
27287	2664	4570	24045	11572	11554	2657	11566	2656	11581	11571
8912	8915	8924	8917	8916	8914	8913	8925	8923	8922	8921
698	736	7342	747	7325	749	752	722	705	709	713
5009	9829	9818	9841	7342	9836	9855	5014	5065	5064	5011
6309	6772	6498	6524	6626	6792	6791	6790	6788	6787	6786
15045	15051	7770	7779	9406	7726	7781	15127	15065	15088	15070
7064	21034	7200	7178	7024	25982	21083	27851	27849	27855	27864
23049	23062	23061	23060	23059	23058	23056	23055	23054	23053	23052
18947	4460	13994	24478	7912	18760	4485	18748	18942	4469	7233
3338	3324	20449	3313	3312	3354	3356	3315	20305	8717	3305
12618	12651	7533	7517	7502	7548	7512	7591	7558	7539	7524
11265	23766	23765	23764	23763	23762	23761	23760	23759	23758	23757
4585	4617	4586	4598	16127	8715	7905	16135	4469	4562	11581
2610	12923	12922	12921	12919	12918	12917	12916	12915	12914	12913
17141	14830	17184	17148	17171	17194	17189	17154	17147	17243	5422
21864	2141	2111	12465	2100	2177	2882	10056	2124	2179	21384
11306	13773	973	920	16233	11316	901	11303	13485	11299	14690
11303	13910	883	5846	11302	11306	962	973	16233	11316	5860
11302	16377	1018	13597	962	5832	11299	13910	5860	11303	17690
7498	7519	7508	7547	7509	7527	7505	7510	7513	7524	7539
11300	2460	9288	8115	10935	8144	3152	9194	2441	5860	8123
5388	5478	5452	5501	5535	5422	5398	5428	5473	5490	5390
2511	22976	22980	22938	22935	22940	9743	22936	22949	22954	22950
18703	9785	6145	4997	8572	18728	18712	18707	18708	11282	11264
11747	11813	11812	11810	11809	11808	11807	11806	11805	11804	11803
21904	2933	12506	12502	21864	21884	26459	21875	21867	2890	12510
16817	2794	16838	16827	16819	16821	16834	16825	16833	16848	16823
2456	6524	17354	17343	17359	17342	17358	17338	17366	17367	17356
4562	4601	4615	24504	2641	11581	27455	4568	11566	4617	4585
16002	16874	16031	16008	16022	16027	16021	16038	16003	16009	4436
27132	27277	27276	27275	27274	27273	27272	27271	27270	27269	27268
3305	3307	3315	3354	3313	3361	3338	3324	3312	3316	3356
1590	1918	1917	1916	1915	1914	1913	1912	1911	1910	1909
13295	13308	13301	13421	13357	13356	13348	20247	13350	13368	13323
7026	7051	7094	8701	9630	8769	7027	24504	7208	4601	8678
7024	7179	2690	7248	7160	7107	7040	7208	7135	7146	7256
2882	12465	21864	2893	2890	2933	2904	2889	2901	2930	2917
22097	22095	22165	22151	22135	22121	22111	16757	4985	15028	15022
2432	2428	4253	822	2449	2475	853	6794	4319	917	2440
21826	2155	2102	2101	2175	10057	21825	23271	23300	23302	23231
9615	22518	9557	22455	22462	22511	22483	22513	22506	22481	22479
8263	9894	9882	9896	9891	9909	9954	9898	8232	9935	9883
10049	2134	11818	2131	2101	2112	2123	2180	10048	10046	2207
2428	2432	822	4253	2475	2449	853	6794	917	2440	29
4708	4695	4707	21709	21708	21707	21706	21705	21704	21703	21702
2424	2523	862	2485	2473	2470	2451	1004	29	2463	2438
4485	4470	18968	7912	4469	4456	4438	1279	4448	7905	9146
8256	8232	8255	28658	28657	28691	28653	8252	8300	28662	28649
7939	18359	18339	18334	18337	18353	18349	18332	18348	18340	7945
15914	15916	15931	15953	15922	15939	15943	15970	15949	15954	15971
10299	920	859	11337	11361	11332	11335	11346	11336	10298	11355
21759	15110	21762	21781	21783	7748	9413	7768	7708	7770	7740
19635	21741	21731	21735	21712	19645	21726	21716	19622	21718	21737
8739	8740	24505	24517	9531	9515	24727	24739	24725	24714	24722
14068	8828	8832	13986	13968	8232	13954	7179	28714	2624	8835
7925	9143	7931	7924	7936	9120	9146	7935	4456	7912	7926
22607	13388	22616	22610	22687	13323	22618	22402	22617	22632	22635
2350	2257	2336	2289	2360	2295	2346	2321	2374	2322	2271
18747	18359	18356	21799	21798	21811	21806	21813	21815	21810	21819
8232	8276	8279	14068	8241	8258	8256	8250	8244	8247	8238
2797	2820	2801	2790	2793	2794	2823	2802	2808	2832	2809
6077	591	2450	2501	2472	2448	2466	2441	6086	6078	6138
8678	14010	11585	4568	8701	8760	7089	7026	2630	8795	8715
10324	4871	27093	27106	19552	10320	10326	27103	9309	27118	27101
19122	19124	19159	19157	19167	19183	21534	19176	19129	19148	19127
1533	1572	18239	1546	1544	1528	1539	1545	1570	1569	1551
1530	1557	6895	10309	1545	1528	1544	1533	1572	1546	1539
992	5860	5832	88	2540	5824	5846	6799	5829	1017	2439
7905	1279	4585	11591	4470	4475	4485	4562	7912	4456	4438
26801	24678	26857	26818	24606	24621	24616	24620	26803	24597	26838
10318	4917	1017	10298	2445	9228	2834	9191	2473	2485	1849
493	219	1995	548	603	9273	13493	518	5836	486	11658
9515	9531	9522	9516	9536	9526	9527	9525	9528	9541	9529
19966	6115	439	5744	19961	19952	2506	19951	19949	19941	19971
18741	18806	18751	18763	18809	18810	18872	18760	18811	18780	18824
4438	4468	4456	4448	4445	4485	4470	4460	11591	4474	4479
4433	4434	4436	16874	4435	4437	4437	4437	4437	4437	4437
486	606	518	550	640	620	603	548	547	503	664
11554	11572	2657	11566	2664	2656	11581	11571	2641	11585	2618
8151	8183	8198	8146	14748	8188	8130	14471	8133	8163	8162
25449	25482	25481	25480	25479	25478	25477	25476	25475	25474	25473
4917	10318	4958	2834	13519	9191	5829	13590	2807	4948	2824
2801	14979	2832	14977	2783	2797	2804	2838	4906	2828	14980
29	6793	1004	2440	917	4254	2475	2485	862	2523	2424
10684	6892	10839	10838	10837	10836	10835	10833	10832	10831	10830
7705	7726	7760	7797	7769	7780	7715	7758	7747	7727	7719
7797	7760	7705	7726	9406	7780	7715	7758	7727	15051	19754
2257	2350	2393	2262	2336	2289	2360	2295	2346	2321	2374
4902	4906	2818	4986	4920	4909	2784	4908	4965	2799	2824
8134	8129	8153	8119	8123	8125	8132	8144	8115	8164	8140
10102	10264	10149	10135	10150	10125	10103	10111	10109	10141	10152
7769	9406	7780	7715	7758	7726	7747	7705	7719	7740	7770
10298	1017	10318	905	9181	3155	2427	10321	4293	9182	625
10316	4872	4871	7874	856	2065	10321	4886	11691	11680	11811
19022	19023	19031	19058	19047	19091	19032	19070	19049	9830	19029
4847	4877	4845	932	12686	12664	11811	11793	4897	4874	4868
18708	18728	18712	18707	18704	23563	18731	23555	18703	23561	23591
21534	19183	23603	19195	19208	19124	19122	23608	23592	23613	23600
18704	23563	18734	18710	18705	18708	18728	18712	18707	18703	23802
4796	934	4695	25484	25487	25496	25506	25504	25486	25497	25502
1921	1953	1925	337	1960	1922	1930	1948	1962	1961	1959
8324	26817	8346	8396	8419	8330	8365	8335	8368	8327	8326
