1912	2658	2648	2647	2646	2639	2636	2633	2631	2628	2620
63	342	313	271	261	56	0
62	323	276	199	341	318	261	239	236	224	170
2697	3275	3246	3186	2934	2870	2696	1684	3373	3244	3001
577	647	640	632	600	599	583	414
1798	1784	1371	1333
2694	3387	3304	3232	3195	3104	3085	3064	3033	3004	2974
2693	3397	3361	3319	3302	3156	3069	2999	2903	2822	2802
1794	1850	1725	1706	1699	1686	1515	1503	1489	1429	1223
2690	3395	3383	3365	3349	3275	3242	3196	3099	3020	2996
1792	1860	1477	1450	920	107
1791	1864	1851	1842	1839	1826	1800	1772	1765	1761	1730
58	2814	1912	107	3290	3173	2838	269	171	0
55	261	252	239	203	170	123	122	104	67	56
3705	3569	3437	3924	3869	3826	3818	3794	3763	3759	3534
3586	3938	3697	3693	3604	3501	3480	3448	3437	3930	3889
569	563	553	537	514	471	451	432	420	416	374
567	3961	3861	3723	3487	3454	3437	646	610	604	591
1786	1893	1873	1742	1706	1591	1502	1459	1454	1448	1379
1784	1629	1333	1798	1371
561	580	423	369	350
632	665	647	640	628	600	599	583	577	414
1936	2534	2503	2335	2286	1978	1975	1934	1912	2644	2562
40	334	332	317	274	272	271	265	258	257	239
3576	3966	3938	3930	3926	3902	3877	3860	3858	3838	3828
559	676	614	606	604	591	580	567	566	556	553
3574	3877	3828	3731	3642	3635	3611	3605	3576	3437
3573	3966	3930	3902	3877	3838	3702	3672	3625	3611	3576
556	652	614	563	542	512	488	482	475	444	423
1554	1891	1888	1879	1877	1867	1864	1861	1839	1835	1833
553	614	591	570	569	567	566	560	559	558	556
1772	1879	1842	1791	1663	1614	1613	1589	1524	1471	1388
1771	1867	1800	1750	1730	1724	1710	1416	1375	1344	1339
38	332	339	248	178	141	117	7	0
3566	3961	3723	3515	3487	3437
548	556	525	519	514	502	491	490	475	474	450
1768	1909	1902	1900	1898	1891	1888	1879	1868	1864	1863
545	570	566	563	559	558	553	544	543	538	537
544	676	604	580	570	566	563	559	557	556	553
543	570	563	558	546	545	531	504	480	460	455
542	591	580	556	497	483	475	461	404	395	394
541	563	432	348	514	508	397
540	559	480	419
1761	1897	1867	1864	1810	1807	1800	1799	1791	1765	1730
1760	1693
25	332	323	297	276	271	252	199	188	104	72
24	346	302	299	266	249	194	187	180	101	94
22	347	339	308	168	158	87	7	0
3558	3969	3951	3945	3924	3909	3881	3869	3866	3855	3829
3556	3817	3693	3688	3625	3611	3492	3437
3555	3810	3777	3758	3604	3437	3829	3600	3593	3591	3515
2656	2562	2412	2373	2322	2277	2211	2181	2145	2129	2107
535	489	483	348	473	460	445	415	374	362
533	348	510	433	407
531	570	563	546	543	539	522	519	489	481	475
530	359	348
1751	1894	1893	1875	1848	1828	1812	1786	1742	1454	1396
1750	1902	1888	1879	1867	1835	1833	1823	1819	1800	1799
10	332	323	291	285	169	142	67	0
2649	2643	2605	2582	2543	2516	2502	2351	2338	2224	2191
3542	3902	3838	3672	3635	3604	3528	3527	3488	3437	3966
525	537	479	392	374	567	566	563	559	548	545
2643	2605	2582	2516	2491	2338	2224	2649	2543	2502	2327
523	570	563	553	545	544	534	524	520	507	506
1744	1882	1844	1829	1778	1766	1677	1645	1616	1574	1565
367	546	502	490	489	481	475	474	396	363	348
2864	3387	3363	3362	3234	3174	3135	3104	3078	3054	3004
2639	2647	2636	2633	2583	2538	2337	2225	2171	2027	2024
3535	3825	3758	3623	3468	3437	3881	3866	3823	3782	3601
2637	2642	2610	2557	2525	2480	2425	2419	2416	2399	2362
3533	3877	3674	3512	3501	3437
1738	1876	1807	1536	1531	1366	1343	1258	917
515	614	591	580	566	512	497	483	482	475	404
514	614	580	570	569	566	559	548	544	541	538
1735	1888	1877	1867	1851	1839	1835	1833	1823	1810	1804
512	556	515	488	462	404	395	394	391	348	560
511	566	559	556	545	538	525	517	512	503	493
378	676	641	614	604	591	580	566	563	559	553
3528	3938	3860	3838	3737	3604	3542	3527	3488	3437	3930
3527	3938	3902	3838	3672	3604	3542	3528	3488	3448	3437
3526	3865	3769	3722	3573	3563	3559	3520	3471	3455	3442
508	563	544	542	541	534	520	506	496	478	460
1726	3263	1684	1678	1656	1369	107	3385	3222	2744	2678
1725	1850	1794	1783	1667	1469	1415	1259	1213	1014	1005
502	490	475	367	348	548	539	491	373
1722	1909	1868	1864	1826	1805	1768	1741	1730	1707	1702
1720	1893	1764	1686	1647	1628	1591	1576	1459	1404	1381
1996	2017	1912
3518	3938	3902	3860	3858	3838	3832	3800	3737	3730	3707
2619	2654	2638	2631	2630	2625	2615	2611	2607	2602	2593
3512	3873	3800	3737	3604	3533	3437
1717	1891	1867	