8538	29266	10321	8618	8617	8616	8615	8614	8613	8612	8611
7754	29604	29266	19820	19819	19818	19817	19816	19815	19814	19813
8670	55938	30772	29266	24263	24262	24261	24260	24259	24258	24257
5599	30716	13496	13495	13494	13493	13492	13491	13490	13489	13488
8115	29564	29266	11300	8928	8926	8231	8230	8229	8228	8227
20812	29266	20835	20834	20833	20832	20831	20830	20829	20828	20827
8558	29266	11296	11295	11294	11293	11292	11291	11290	11289	11288
6888	58180	41899	18328	18327	18326	18325	18324	18323	18322	18321
12655	29215	12749	12748	12747	12746	12745	12744	12743	12742	12741
6886	6911	6910	6909	6908	6907	6906	6905	6904	6903	6902
5582	30716	12907	12906	12905	12904	12903	12902	12901	12900	5688
4906	31961	27843	27842	27841	27840	27839	27838	27837	27836	27835
4909	31961	22350	22349	22348	22347	22346	22345	22344	22343	22342
13111	50781	39766	13195	13194	13193	13192	13191	13190	13189	13188
5579	30716	5791	5790	5789	5788	5787	5786	5785	5784	5783
9557	54950	54949	29266	9619	9618	9617	9616	9615	9614	9613
1924	32149	31327	29266	29215	26296	26295	26294	26293	26292	26291
9839	54639	30824	22931	22930	22929	22928	22927	22926	22925	22924
7725	33639	29266	17424	17423	17422	17421	17420	17419	17418	17417
21105	35987	24422	24421	24420	24419	24418	24417	24416	24415	24414
6918	36568	16816	16815	16814	16813	16812	16811	16810	16809	16808
6912	36568	7023	7022	7021	7020	7019	7018	7017	7016	7015
20247	42362	42360	33004	26800	26799	26798	26797	26796	26795	26794
2598	11989	11988	11987	11986	11985	11984	11983	11982	11981	11980
2596	59482	2617	2616	2615	2614	2613	2612	2611	2610	2609
12465	48456	43331	21864	12539	12538	12537	12536	12535	12534	12533
12540	51849	35177	12617	12616	12615	12614	12613	12612	12611	12610
6905	30522	15913	15912	15911	15910	15909	15908	15907	15906	15905
10321	29604	29266	28143	28142	28141	28140	28139	28138	28137	28136
4254	29163	19523	11746	11745	11744	11743	11742	11741	11740	11739
4253	36568	29266	28018	24042	24041	24040	24039	24038	24037	24036
4252	29206	4432	4431	4430	4429	4428	4427	4426	4425	4424
983	1039	1038	1037	1036	1035	1034	1033	1032	1031	1030
795	33639	29266	25449	17540	2449	1924	822	821	820	819
4698	28032	28031	28030	28029	28028	28027	28026	28025	28024	28023
21489	34953	21641	21640	21639	21638	21637	21636	21635	21634	21633
4695	4842	4841	4840	4839	4838	4837	4836	4835	4834	4833
28714	29549	29266	28788	28787	28786	28785	28784	28783	28782	28781
15372	47848	29266	20812	15435	15434	15433	15432	15431	15430	15429
4249	60932	38075	14476	7972	6035	6034	6033	6032	6031	6030
6799	29266	22449	22448	22447	22446	22445	22444	22443	22442	22441
10601	46589	16725	16724	16723	16722	16721	16720	16719	16718	16717
8668	55940	55939	31538	18513	18512	18511	18510	18509	18508	18507
6794	30958	29266	29215	26261	26248	26247	26238	25839	25758	25689
6793	29266	29215	19996	19995	19994	19993	19992	19991	19990	19989
14770	48494	48456	14964	14963	14962	14961	14960	14959	14958	14957
6895	30524	28216	28215	28214	28213	28212	28211	28210	28209	28208
823	29266	11268	8579	8558	8538	6805	6794	6793	2463	2432
13506	35757	29266	19521	19520	19519	19518	19517	19516	19515	19514
16377	29266	19502	16615	16614	16613	16612	16611	16610	16609	16608
24423	29266	24476	24475	24474	24473	24472	24471	24470	24469	24468
7091	22088	22087	22086	22085	22084	22083	22082	22081	22080	22079
3411	3892	3891	3890	3889	3888	3887	3886	3885	3884	3883
25182	25448	25447	25446	25445	25444	25443	25442	25441	25440	25439
10042	29266	21864	10101	10100	10099	10098	10097	10096	10095	10094
4219	11257	11256	11255	11254	11253	11252	11251	11250	11249	11248
7089	8884	8883	8882	8881	8880	8879	8878	8877	8876	8875
19821	29266	19933	19932	19931	19930	19929	19928	19927	19926	19925
8928	29266	14475	14474	14473	14472	14471	14470	14469	14468	14467
8926	9114	9113	9112	9111	9110	9109	9108	9107	9106	9105
9191	34704	21195	21194	21193	21192	21191	21190	21189	21188	21187
2102	32073	31965	21863	21862	21861	21860	21859	21858	21857	21856
2100	29266	21864	2256	2255	2254	2253	2252	2251	2250	2249
23603	35842	23922	23921	23920	23919	23918	23917	23916	23915	23914
1544	30522	19595	6076	6075	6074	6073	6072	6071	6070	6069
14585	14655	14654	14653	14652	14651	14650	14649	14648	14647	14646
18514	29564	29266	18597	18596	18595	18594	18593	18592	18591	18590
1980	44924	18202	18201	18200	18199	18198	18197	18196	18195	18194
27278	29266	27353	27352	27351	27350	27349	27348	27347	27346	27345
9182	42572	33169	29266	10298	9815	9814	9813	9812	9811	9810
27287	32149	31327	29266	29215	27813	27812	27811	27810	27809	27808
8912	34755	9191	8925	8924	8923	8922	8921	8920	8919	8918
698	65307	35888	7342	7325	794	793	792	791	790	789
5009	60267	30824	9855	9841	9840	9836	9829	9818	7342	5153
6309	29404	6792	6791	6790	6789	6788	6787	6786	6785	6784
15045	34704	15166	15165	15164	15163	15162	15161	15160	15159	15158
7064	52464	31009	27931	27930	27929	27928	27927	27926	27925	27924
23049	23062	23061	23060	23059	23058	23057	23056	23055	23054	23053
18947	29266	28004	28003	28002	28001	28000	27999	27998	27997	27996
3338	37636	20681	20680	20679	20678	20677	20676	20675	20674	20673
12618	51641	42558	35009	29266	12654	12653	12652	12651	12650	12649
11265	30883	23766	23765	23764	23763	23762	23761	23760	23759	23758
4585	60721	60720	31337	30958	29266	16222	16221	16220	16219	16218
2610	12923	12922	12921	12920	12919	12918	12917	12916	12915	12914
17141	29266	17335	17334	17333	17332	17331	17330	17329	17328	17327
21864	40211	40210	40209	40208	29266	21965	21964	21963	21962	21961
11306	30638	16376	16375	16374	16373	16372	16371	16370	16369	16368
11303	29434	29266	16305	16304	16303	16302	16301	16300	16299	16298
11302	31591	17768	17767	17766	17765	17764	17763	17762	17761	17760
7498	57411	42558	34992	7616	7615	7614	7613	7612	7611	7610
11300	32149	14749	14748	14747	14746	14745	14744	14743	14742	14741
5388	59598	29266	5578	5577	5576	5575	5574	5573	5572	5571
2511	35326	29251	23039	23038	23037	23036	23035	23034	23033	23032
18703	29266	18740	18739	18738	18737	18736	18735	18734	18733	18732
11747	29425	11813	11812	11811	11810	11809	11808	11807	11806	11805
21904	33274	26548	26547	26546	26545	26544	26543	26542	26541	26540
16817	46388	46362	16873	16872	16871	16870	16869	16868	16867	16866
2456	34242	17395	17394	17393	17392	17391	17390	17389	17388	17387
4562	29266	29250	27652	27544	27533	27502	27455	27454	27287	24504
16002	47544	47383	16874	16077	16076	16075	16074	16073	16072	16071
27132	27277	27276	27275	27274	27273	27272	27271	27270	27269	27268
3305	62476	55939	7089	3410	3409	3408	3407	3406	3405	3404
1590	1918	1917	1916	1915	1914	1913	1912	1911	1910	1909
13295	50530	33004	20247	13472	13471	13470	13469	13468	13467	13466
7026	35757	29266	24596	24595	24594	24593	24592	24591	24590	24589
7024	29266	7324	7323	7322	7321	7320	7319	7318	7317	7316
2882	48494	48456	21864	12465	3029	3028	3027	3026	3025	3024
22097	23164	23163	23162	23161	23160	23159	23158	23157	23156	23155
2432	29404	19559	19538	19523	10505	9388	9387	9386	9385	9384
21826	40290	29266	23348	23347	23346	23345	23344	23343	23342	23341
9615	54848	30328	22606	22605	22604	22603	22602	22601	22600	22599
8263	56475	56473	10041	10040	10039	10038	10037	10036	10035	10034
10049	52674	38095	29266	21864	11880	11879	11878	11877	11876	11875
2428	29404	29266	19585	19584	19583	19582	19581	19580	19579	19578
4708	40486	21709	21708	21707	21706	21705	21704	21703	21702	21701
2424	10517	5832	2595	2594	2593	2592	2591	2590	2589	2588
4485	31649	29266	18986	18985	18984	18983	18982	18981	18980	18979
8256	56505	47218	29825	28713	28712	28711	28710	28709	28708	28707
7939	56989	29425	18402	18401	18400	18399	18398	18397	18396	18395
15914	30082	29266	16001	16000	15999	15998	15997	15996	15995	15994
10299	54045	35742	29266	11399	11398	11397	11396	11395	11394	11393
21759	29266	21797	21796	21795	21794	21793	21792	21791	21790	21789
19635	33624	23165	21758	21757	21756	21755	21754	21753	21752	21751
8739	39667	35455	31741	24785	24784	24783	24782	24781	24780	24779
14068	29434	29266	28714	14167	14166	14165	14164	14163	14162	14161
7925	44713	29266	9179	9178	9177	9176	9175	9174	9173	9172
22607	38969	33004	22746	22745	22744	22743	22742	22741	22740	22739
2350	63579	63577	20109	20108	20107	20106	20105	20104	20103	20102
18747	31649	29404	21819	21818	21817	21816	21815	21814	21813	21812
8232	56559	29832	29266	14068	8323	8322	8321	8320	8319	8318
2797	31316	27453	27452	27451	27450	27449	27448	27447	27446	27445
6077	29266	29215	7820	6793	6193	6192	6191	6190	6189	6188
8678	30522	29266	14067	14066	14065	14064	14063	14062	14061	14060
10324	29404	27131	27130	27129	27128	27127	27126	27125	27124	27123
19122	43570	34953	21534	19215	19214	19213	19212	19211	19210	19209
1533	30522	19613	19612	19611	19610	19609	19608	19607	19606	19605
1530	30522	28085	28084	28083	28082	28081	28080	28079	28078	28077
992	29595	6799	5894	5893	5892	5891	5890	5889	5888	5887
7905	57003	31649	29266	11591	7971	7970	7969	7968	7967	7966
26801	32959	32958	26977	26976	26975	26974	26973	26972	26971	26970
10318	29266	29177	28921	28920	28919	28918	28917	28916	28915	28914
493	29163	26664	26663	26662	26661	26660	26659	26658	26657	26656
9515	55033	55032	55030	35493	9556	9555	9554	9553	9552	9551
19966	42748	31468	30918	29215	21033	21032	21031	21030	21029	21028
18741	31916	31649	31337	18947	18909	18908	18907	18906	18905	18904
4438	29266	11591	7905	4561	4560	4559	4558	4557	4556	4555
4433	16874	4437	4436	4435	4434
486	32526	697	696	695	694	693	692	691	690	689
11554	29266	29215	27287	11620	11619	11618	11617	11616	11615	11614
8151	38025	29266	18687	18686	18685	18684	18683	18682	18681	18680
25449	33639	25482	25481	25480	25479	25478	25477	25476	25475	25474
4917	48129	29266	15044	15043	15042	15041	15040	15039	15038	15037
2801	63221	18702	18701	18700	18699	18698	18697	18696	18695	18694
29	31377	19551	10584	10583	10582	10581	10580	10579	10578	10577
10684	30524	10839	10838	10837	10836	10835	10834	10833	10832	10831
7705	29266	29215	7811	7810	7809	7808	7807	7806	7805	7804
7797	29266	24961	24960	24959	24958	24957	24956	24955	24954	24953
2257	63694	63693	63577	35109	25175	25173	25167	25163	25160	14115
4902	31961	5008	5007	5006	5005	5004	5003	5002	5001	5000
8134	56689	56688	56687	29564	12899	12898	12897	12896	12895	12894
10102	30522	29266	10297	10296	10295	10294	10293	10292	10291	10290
7769	42572	33169	29266	9514	9513	9512	9511	9510	9509	9508
10298	10501	10500	10499	10498	10497	10496	10495	10494	10493	10492
10316	29995	29266	29163	24291	24290	24289	24288	24287	24286	24285
19022	30824	19121	19120	19119	19118	19117	19116	19115	19114	19113
4847	29177	27420	27419	27418	27417	27416	27415	27414	27413	27412
18708	29206	23591	23590	23589	23588	23587	23586	23585	23584	23583
21534	40709	23617	23616	23615	23614	23613	23612	23611	23610	23609
18704	34734	23802	23801	23800	23799	23798	23797	23796	23795	23794
4796	25526	25525	25524	25523	25522	25521	25520	25519	25518	25517
1921	29404	1962	1961	1960	1959	1958	1957	1956	1955	1954
8324	30198	26939	26817	26801	8435	8434	8433	8432	8431	8430
